<?xml version="1.0" encoding="UTF-8"?>
<testsuite name="com.example.study.repository.UserRepositoryTest" tests="1" skipped="0" failures="0" errors="0" timestamp="2021-05-21T14:53:54" hostname="DESKTOP-U5DUP9G" time="0.242">
  <properties/>
  <testcase name="create()" classname="com.example.study.repository.UserRepositoryTest" time="0.242"/>
  <system-out><![CDATA[23:53:48.899 [Test worker] DEBUG org.springframework.test.context.BootstrapUtils - Instantiating CacheAwareContextLoaderDelegate from class [org.springframework.test.context.cache.DefaultCacheAwareContextLoaderDelegate]
23:53:48.913 [Test worker] DEBUG org.springframework.test.context.BootstrapUtils - Instantiating BootstrapContext using constructor [public org.springframework.test.context.support.DefaultBootstrapContext(java.lang.Class,org.springframework.test.context.CacheAwareContextLoaderDelegate)]
23:53:48.954 [Test worker] DEBUG org.springframework.test.context.BootstrapUtils - Instantiating TestContextBootstrapper for test class [com.example.study.repository.UserRepositoryTest] from class [org.springframework.boot.test.context.SpringBootTestContextBootstrapper]
23:53:48.969 [Test worker] INFO org.springframework.boot.test.context.SpringBootTestContextBootstrapper - Neither @ContextConfiguration nor @ContextHierarchy found for test class [com.example.study.repository.UserRepositoryTest], using SpringBootContextLoader
23:53:48.974 [Test worker] DEBUG org.springframework.test.context.support.AbstractContextLoader - Did not detect default resource location for test class [com.example.study.repository.UserRepositoryTest]: class path resource [com/example/study/repository/UserRepositoryTest-context.xml] does not exist
23:53:48.975 [Test worker] DEBUG org.springframework.test.context.support.AbstractContextLoader - Did not detect default resource location for test class [com.example.study.repository.UserRepositoryTest]: class path resource [com/example/study/repository/UserRepositoryTestContext.groovy] does not exist
23:53:48.975 [Test worker] INFO org.springframework.test.context.support.AbstractContextLoader - Could not detect default resource locations for test class [com.example.study.repository.UserRepositoryTest]: no resource found for suffixes {-context.xml, Context.groovy}.
23:53:48.976 [Test worker] INFO org.springframework.test.context.support.AnnotationConfigContextLoaderUtils - Could not detect default configuration classes for test class [com.example.study.repository.UserRepositoryTest]: UserRepositoryTest does not declare any static, non-private, non-final, nested classes annotated with @Configuration.
23:53:49.032 [Test worker] DEBUG org.springframework.test.context.support.ActiveProfilesUtils - Could not find an 'annotation declaring class' for annotation type [org.springframework.test.context.ActiveProfiles] and class [com.example.study.repository.UserRepositoryTest]
23:53:49.107 [Test worker] DEBUG org.springframework.context.annotation.ClassPathScanningCandidateComponentProvider - Identified candidate component class: file [C:\Intellij\adminPage\build\classes\java\main\com\example\study\AdminPageApplication.class]
23:53:49.108 [Test worker] INFO org.springframework.boot.test.context.SpringBootTestContextBootstrapper - Found @SpringBootConfiguration com.example.study.AdminPageApplication for test class com.example.study.repository.UserRepositoryTest
23:53:49.245 [Test worker] DEBUG org.springframework.boot.test.context.SpringBootTestContextBootstrapper - @TestExecutionListeners is not present for class [com.example.study.repository.UserRepositoryTest]: using defaults.
23:53:49.246 [Test worker] INFO org.springframework.boot.test.context.SpringBootTestContextBootstrapper - Loaded default TestExecutionListener class names from location [META-INF/spring.factories]: [org.springframework.boot.test.autoconfigure.restdocs.RestDocsTestExecutionListener, org.springframework.boot.test.autoconfigure.web.client.MockRestServiceServerResetTestExecutionListener, org.springframework.boot.test.autoconfigure.web.servlet.MockMvcPrintOnlyOnFailureTestExecutionListener, org.springframework.boot.test.autoconfigure.web.servlet.WebDriverTestExecutionListener, org.springframework.boot.test.autoconfigure.webservices.client.MockWebServiceServerTestExecutionListener, org.springframework.boot.test.mock.mockito.MockitoTestExecutionListener, org.springframework.boot.test.mock.mockito.ResetMocksTestExecutionListener, org.springframework.test.context.web.ServletTestExecutionListener, org.springframework.test.context.support.DirtiesContextBeforeModesTestExecutionListener, org.springframework.test.context.event.ApplicationEventsTestExecutionListener, org.springframework.test.context.support.DependencyInjectionTestExecutionListener, org.springframework.test.context.support.DirtiesContextTestExecutionListener, org.springframework.test.context.transaction.TransactionalTestExecutionListener, org.springframework.test.context.jdbc.SqlScriptsTestExecutionListener, org.springframework.test.context.event.EventPublishingTestExecutionListener]
23:53:49.270 [Test worker] INFO org.springframework.boot.test.context.SpringBootTestContextBootstrapper - Using TestExecutionListeners: [org.springframework.test.context.web.ServletTestExecutionListener@db613da, org.springframework.test.context.support.DirtiesContextBeforeModesTestExecutionListener@1b2aa06b, org.springframework.test.context.event.ApplicationEventsTestExecutionListener@5696d21a, org.springframework.boot.test.mock.mockito.MockitoTestExecutionListener@6f71a083, org.springframework.boot.test.autoconfigure.SpringBootDependencyInjectionTestExecutionListener@52e45674, org.springframework.test.context.support.DirtiesContextTestExecutionListener@1c838dbb, org.springframework.test.context.transaction.TransactionalTestExecutionListener@7c658a33, org.springframework.test.context.jdbc.SqlScriptsTestExecutionListener@1e725884, org.springframework.test.context.event.EventPublishingTestExecutionListener@6e55eac8, org.springframework.boot.test.autoconfigure.restdocs.RestDocsTestExecutionListener@6ebb4cec, org.springframework.boot.test.autoconfigure.web.client.MockRestServiceServerResetTestExecutionListener@3e5f771a, org.springframework.boot.test.autoconfigure.web.servlet.MockMvcPrintOnlyOnFailureTestExecutionListener@32e5be2d, org.springframework.boot.test.autoconfigure.web.servlet.WebDriverTestExecutionListener@73a71113, org.springframework.boot.test.autoconfigure.webservices.client.MockWebServiceServerTestExecutionListener@474fefa7, org.springframework.boot.test.mock.mockito.ResetMocksTestExecutionListener@26da7f3]
23:53:49.274 [Test worker] DEBUG org.springframework.test.context.support.AbstractDirtiesContextTestExecutionListener - Before test class: context [DefaultTestContext@63f2ffed testClass = UserRepositoryTest, testInstance = [null], testMethod = [null], testException = [null], mergedContextConfiguration = [WebMergedContextConfiguration@5072b8c0 testClass = UserRepositoryTest, locations = '{}', classes = '{class com.example.study.AdminPageApplication}', contextInitializerClasses = '[]', activeProfiles = '{}', propertySourceLocations = '{}', propertySourceProperties = '{org.springframework.boot.test.context.SpringBootTestContextBootstrapper=true}', contextCustomizers = set[org.springframework.boot.test.autoconfigure.actuate.metrics.MetricsExportContextCustomizerFactory$DisableMetricExportContextCustomizer@62718ec6, org.springframework.boot.test.autoconfigure.properties.PropertyMappingContextCustomizer@0, org.springframework.boot.test.autoconfigure.web.servlet.WebDriverContextCustomizerFactory$Customizer@74aee90, org.springframework.boot.test.context.filter.ExcludeFilterContextCustomizer@61c8350d, org.springframework.boot.test.json.DuplicateJsonObjectContextCustomizerFactory$DuplicateJsonObjectContextCustomizer@277b375d, org.springframework.boot.test.mock.mockito.MockitoContextCustomizer@0, org.springframework.boot.test.web.client.TestRestTemplateContextCustomizer@7b688e75, org.springframework.boot.test.context.SpringBootTestArgs@1, org.springframework.boot.test.context.SpringBootTestWebEnvironment@41e9b3b4], resourceBasePath = 'src/main/webapp', contextLoader = 'org.springframework.boot.test.context.SpringBootContextLoader', parent = [null]], attributes = map['org.springframework.test.context.web.ServletTestExecutionListener.activateListener' -> true]], class annotated with @DirtiesContext [false] with mode [null].
23:53:49.310 [Test worker] DEBUG org.springframework.test.context.support.TestPropertySourceUtils - Adding inlined properties to environment: {spring.jmx.enabled=false, org.springframework.boot.test.context.SpringBootTestContextBootstrapper=true}

  .   ____          _            __ _ _
 /\\ / ___'_ __ _ _(_)_ __  __ _ \ \ \ \
( ( )\___ | '_ | '_| | '_ \/ _` | \ \ \ \
 \\/  ___)| |_)| | | | | || (_| |  ) ) ) )
  '  |____| .__|_| |_|_| |_\__, | / / / /
 =========|_|==============|___/=/_/_/_/
 :: Spring Boot ::                (v2.4.5)

2021-05-21 23:53:49.633  INFO 9984 --- [    Test worker] c.e.study.repository.UserRepositoryTest  : Starting UserRepositoryTest using Java 11.0.11 on DESKTOP-U5DUP9G with PID 9984 (started by 어서빈 in C:\Intellij\adminPage)
2021-05-21 23:53:49.636  INFO 9984 --- [    Test worker] c.e.study.repository.UserRepositoryTest  : No active profile set, falling back to default profiles: default
2021-05-21 23:53:50.456  INFO 9984 --- [    Test worker] .s.d.r.c.RepositoryConfigurationDelegate : Bootstrapping Spring Data JPA repositories in DEFAULT mode.
2021-05-21 23:53:50.525  INFO 9984 --- [    Test worker] .s.d.r.c.RepositoryConfigurationDelegate : Finished Spring Data repository scanning in 58 ms. Found 1 JPA repository interfaces.
2021-05-21 23:53:51.151  INFO 9984 --- [    Test worker] com.zaxxer.hikari.HikariDataSource       : HikariPool-1 - Starting...
2021-05-21 23:53:51.357  INFO 9984 --- [    Test worker] com.zaxxer.hikari.HikariDataSource       : HikariPool-1 - Start completed.
2021-05-21 23:53:51.434  INFO 9984 --- [    Test worker] o.hibernate.jpa.internal.util.LogHelper  : HHH000204: Processing PersistenceUnitInfo [name: default]
2021-05-21 23:53:51.523  INFO 9984 --- [    Test worker] org.hibernate.Version                    : HHH000412: Hibernate ORM core version 5.4.30.Final
2021-05-21 23:53:51.732  INFO 9984 --- [    Test worker] o.hibernate.annotations.common.Version   : HCANN000001: Hibernate Commons Annotations {5.1.2.Final}
2021-05-21 23:53:51.931  INFO 9984 --- [    Test worker] org.hibernate.dialect.Dialect            : HHH000400: Using dialect: org.hibernate.dialect.MySQL8Dialect
2021-05-21 23:53:52.702  INFO 9984 --- [    Test worker] o.h.e.t.j.p.i.JtaPlatformInitiator       : HHH000490: Using JtaPlatform implementation: [org.hibernate.engine.transaction.jta.platform.internal.NoJtaPlatform]
2021-05-21 23:53:52.715  INFO 9984 --- [    Test worker] j.LocalContainerEntityManagerFactoryBean : Initialized JPA EntityManagerFactory for persistence unit 'default'
2021-05-21 23:53:53.043  WARN 9984 --- [    Test worker] JpaBaseConfiguration$JpaWebConfiguration : spring.jpa.open-in-view is enabled by default. Therefore, database queries may be performed during view rendering. Explicitly configure spring.jpa.open-in-view to disable this warning
2021-05-21 23:53:53.355  INFO 9984 --- [    Test worker] o.s.s.concurrent.ThreadPoolTaskExecutor  : Initializing ExecutorService 'applicationTaskExecutor'
2021-05-21 23:53:54.179  INFO 9984 --- [    Test worker] c.e.study.repository.UserRepositoryTest  : Started UserRepositoryTest in 4.861 seconds (JVM running for 6.424)
Hibernate: insert into user (account, created_at, created_by, email, phone_number, updated_at, updated_by) values (?, ?, ?, ?, ?, ?, ?)
newUser : User(id=5, account=TestUser05, email=TestUser05@gmail.com, phoneNumber=010-5555-5555, createdAt=2021-05-21T23:53:54.339908900, createdBy=TestUser05, updatedAt=null, updatedBy=null)
]]></system-out>
  <system-err><![CDATA[]]></system-err>
</testsuite>
